0 info it worked if it ends with ok
1 verbose cli [ '/usr/local/bin/node', '/usr/local/bin/npm', 'start' ]
2 info using npm@1.4.21
3 info using node@v0.10.30
4 verbose run-script [ 'prestart', 'start', 'poststart' ]
5 info prestart ufs-birdstories@0.0.0
6 info start ufs-birdstories@0.0.0
7 verbose unsafe-perm in lifecycle true
8 info ufs-birdstories@0.0.0 Failed to exec start script
9 error ufs-birdstories@0.0.0 start: `python -m SimpleHTTPServer 3000`
9 error Exit status 1
10 error Failed at the ufs-birdstories@0.0.0 start script.
10 error This is most likely a problem with the ufs-birdstories package,
10 error not with npm itself.
10 error Tell the author that this fails on your system:
10 error     python -m SimpleHTTPServer 3000
10 error You can get their info via:
10 error     npm owner ls ufs-birdstories
10 error There is likely additional logging output above.
11 error System Darwin 14.0.0
12 error command "/usr/local/bin/node" "/usr/local/bin/npm" "start"
13 error cwd /Users/toshki/Projects/UFS/www/ufs-birdstories
14 error node -v v0.10.30
15 error npm -v 1.4.21
16 error code ELIFECYCLE
17 verbose exit [ 1, true ]
